<?xml version="1.0" encoding="UTF-8"?>
<!-- Generated by org.testng.reporters.JUnitReportReporter -->
<testsuite hostname="CPX-OLCDC79TE4V" failures="0" tests="1" name="Academy.ValidateTitle$HomePage" time="0.152" errors="0" timestamp="2021-06-25T11:43:04 BST" skipped="0">
  <testcase classname="Academy.ValidateTitle$HomePage" name="homepageNavigation" time="0.152"/>
  <system-out/>
</testsuite> <!-- Academy.ValidateTitle$HomePage -->
