<?xml version="1.0" encoding="UTF-8"?>
<!-- Generated by org.testng.reporters.JUnitReportReporter -->
<testsuite hostname="CPX-OLCDC79TE4V" failures="0" tests="1" name="Academy.ValidateNavBar" time="0.190" errors="0" timestamp="2021-07-01T10:25:38 BST" skipped="0">
  <testcase classname="Academy.ValidateNavBar" name="validateNavigationBar" time="0.190"/>
  <system-out/>
</testsuite> <!-- Academy.ValidateNavBar -->
