<?xml version="1.0" encoding="UTF-8"?>
<!-- Generated by org.testng.reporters.JUnitReportReporter -->
<testsuite hostname="CPX-OLCDC79TE4V" failures="0" tests="1" name="Academy.ValidateNavigationBar" time="0.150" errors="0" timestamp="2021-06-25T17:10:13 BST" skipped="0">
  <testcase classname="Academy.ValidateNavigationBar" name="homepageNavigation" time="0.150"/>
  <system-out/>
</testsuite> <!-- Academy.ValidateNavigationBar -->
