<?xml version="1.0" encoding="UTF-8"?>
<!-- Generated by org.testng.reporters.JUnitReportReporter -->
<testsuite hostname="CPX-OLCDC79TE4V" failures="0" tests="2" name="Academy.HomePage" time="14.273" errors="0" timestamp="2021-07-01T10:25:38 BST" skipped="0">
  <testcase classname="Academy.HomePage" name="validateUserLogins" time="11.187"/>
  <system-out/>
  <testcase classname="Academy.HomePage" name="validateUserLogins" time="3.086"/>
  <system-out/>
</testsuite> <!-- Academy.HomePage -->
