<?xml version="1.0" encoding="UTF-8"?>
<!-- Generated by org.testng.reporters.JUnitReportReporter -->
<testsuite hostname="CPX-OLCDC79TE4V" failures="0" tests="2" name="Automation.E2EProjectTwo.HomePage" time="10.650" errors="0" timestamp="2021-07-01T15:17:18 BST" skipped="0">
  <testcase classname="Automation.E2EProjectTwo.HomePage" name="validateUserLogins" time="8.195"/>
  <system-out/>
  <testcase classname="Automation.E2EProjectTwo.HomePage" name="validateUserLogins" time="2.455"/>
  <system-out/>
</testsuite> <!-- Automation.E2EProjectTwo.HomePage -->
