<?xml version="1.0" encoding="UTF-8"?>
<!-- Generated by org.testng.reporters.JUnitReportReporter -->
<testsuite hostname="CPX-OLCDC79TE4V" failures="0" tests="1" name="Automation.E2EProjectTwo.ValidateNavBar" time="0.159" errors="0" timestamp="2021-07-01T15:17:18 BST" skipped="0">
  <testcase classname="Automation.E2EProjectTwo.ValidateNavBar" name="validateNavigationBar" time="0.159"/>
  <system-out/>
</testsuite> <!-- Automation.E2EProjectTwo.ValidateNavBar -->
