<?xml version="1.0" encoding="UTF-8"?>
<!-- Generated by org.testng.reporters.JUnitReportReporter -->
<testsuite hostname="CPX-OLCDC79TE4V" failures="0" tests="2" name="qaclickacademy.SeleniumTest" time="0.010" errors="0" timestamp="2021-07-01T09:49:24 BST" skipped="0">
  <testcase classname="qaclickacademy.SeleniumTest" name="BrowserAutomation" time="0.008"/>
  <system-out/>
  <testcase classname="qaclickacademy.SeleniumTest" name="UIelementAutomation" time="0.002"/>
  <system-out/>
</testsuite> <!-- qaclickacademy.SeleniumTest -->
