<?xml version="1.0" encoding="UTF-8"?>
<!-- Generated by org.testng.reporters.JUnitReportReporter -->
<testsuite hostname="CPX-OLCDC79TE4V" failures="0" tests="2" name="test.DayOne" time="0.012" errors="0" timestamp="2021-06-16T14:00:33 BST" skipped="0">
  <testcase classname="test.DayOne" name="SecondTest" time="0.002"/>
  <system-out/>
  <testcase classname="test.DayOne" name="FirstTest" time="0.010"/>
  <system-out/>
</testsuite> <!-- test.DayOne -->
