<?xml version="1.0" encoding="UTF-8"?>
<!-- Generated by org.testng.reporters.JUnitReportReporter -->
<testsuite hostname="CPX-OLCDC79TE4V" failures="0" tests="5" name="test.Spanish" time="0.008" errors="0" timestamp="2021-07-01T09:17:11 BST" skipped="0">
  <testcase classname="test.Spanish" name="QuestionSpa" time="0.001"/>
  <system-out/>
  <testcase classname="test.Spanish" name="Login" time="0.001"/>
  <system-out/>
  <testcase classname="test.Spanish" name="Login" time="0.001"/>
  <system-out/>
  <testcase classname="test.Spanish" name="GreetingSpa" time="0.004"/>
  <system-out/>
  <testcase classname="test.Spanish" name="Login" time="0.001"/>
  <system-out/>
</testsuite> <!-- test.Spanish -->
