<?xml version="1.0" encoding="UTF-8"?>
<!-- Generated by org.testng.reporters.JUnitReportReporter -->
<testsuite hostname="CPX-OLCDC79TE4V" failures="0" tests="2" name="test.DayTwo" time="0.003" errors="0" timestamp="2021-06-16T14:00:33 BST" skipped="0">
  <testcase classname="test.DayTwo" name="ThirdTest" time="0.001"/>
  <system-out/>
  <testcase classname="test.DayTwo" name="EigthTest" time="0.002"/>
  <system-out/>
</testsuite> <!-- test.DayTwo -->
