<?xml version="1.0" encoding="UTF-8"?>
<!-- Generated by org.testng.reporters.JUnitReportReporter -->
<testsuite hostname="CPX-OLCDC79TE4V" failures="0" tests="1" name="test.French" time="0.002" errors="0" timestamp="2021-07-01T09:17:11 BST" skipped="0">
  <testcase classname="test.French" name="FarewellFre" time="0.002"/>
  <system-out/>
</testsuite> <!-- test.French -->
