<?xml version="1.0" encoding="UTF-8"?>
<!-- Generated by org.testng.reporters.JUnitReportReporter -->
<testsuite hostname="CPX-OLCDC79TE4V" failures="0" tests="1" name="Academy.ValidateTitle$HomePage" time="0.097" errors="0" timestamp="2021-06-25T10:08:44 BST" skipped="0">
  <testcase classname="Academy.ValidateTitle$HomePage" name="homepageNavigation" time="0.097"/>
  <system-out/>
</testsuite> <!-- Academy.ValidateTitle$HomePage -->
