<?xml version="1.0" encoding="UTF-8"?>
<!-- Generated by org.testng.reporters.JUnitReportReporter -->
<testsuite hostname="CPX-OLCDC79TE4V" failures="0" tests="2" name="Academy.HomePage" time="14.866" errors="0" timestamp="2021-06-30T22:36:08 BST" skipped="0">
  <testcase classname="Academy.HomePage" name="validateUserLogins" time="10.684"/>
  <system-out/>
  <testcase classname="Academy.HomePage" name="validateUserLogins" time="4.182"/>
  <system-out/>
</testsuite> <!-- Academy.HomePage -->
