<?xml version="1.0" encoding="UTF-8"?>
<!-- Generated by org.testng.reporters.JUnitReportReporter -->
<testsuite hostname="CPX-OLCDC79TE4V" failures="0" tests="1" name="Academy.ValidateNavigationBar" time="0.107" errors="0" timestamp="2021-06-25T18:17:00 BST" skipped="0">
  <testcase classname="Academy.ValidateNavigationBar" name="validateNavigationBar" time="0.107"/>
  <system-out/>
</testsuite> <!-- Academy.ValidateNavigationBar -->
