<?xml version="1.0" encoding="UTF-8"?>
<!-- Generated by org.testng.reporters.JUnitReportReporter -->
<testsuite hostname="CPX-OLCDC79TE4V" failures="0" tests="1" name="Academy.ValidateNavBar" time="0.337" errors="0" timestamp="2021-06-30T22:36:08 BST" skipped="0">
  <testcase classname="Academy.ValidateNavBar" name="validateNavigationBar" time="0.337"/>
  <system-out/>
</testsuite> <!-- Academy.ValidateNavBar -->
