<?xml version="1.0" encoding="UTF-8"?>
<!-- Generated by org.testng.reporters.JUnitReportReporter -->
<testsuite hostname="CPX-OLCDC79TE4V" failures="0" tests="2" name="qaclickacademy.AppiumTest" time="0.010" errors="0" timestamp="2021-06-18T14:53:16 BST" skipped="0">
  <testcase classname="qaclickacademy.AppiumTest" name="IOSTest" time="0.000"/>
  <system-out/>
  <testcase classname="qaclickacademy.AppiumTest" name="AndroidTest" time="0.010"/>
  <system-out/>
</testsuite> <!-- qaclickacademy.AppiumTest -->
