<?xml version="1.0" encoding="UTF-8"?>
<!-- Generated by org.testng.reporters.JUnitReportReporter -->
<testsuite hostname="CPX-OLCDC79TE4V" failures="0" tests="2" name="qaclickacademy.RestAPITest" time="0.000" errors="0" timestamp="2021-06-18T14:53:16 BST" skipped="0">
  <testcase classname="qaclickacademy.RestAPITest" name="PostJira" time="0.000"/>
  <system-out/>
  <testcase classname="qaclickacademy.RestAPITest" name="DeleteTwitter" time="0.000"/>
  <system-out/>
</testsuite> <!-- qaclickacademy.RestAPITest -->
