<?xml version="1.0" encoding="UTF-8"?>
<!-- Generated by org.testng.reporters.JUnitReportReporter -->
<testsuite hostname="CPX-OLCDC79TE4V" failures="0" tests="1" name="rahulshettyacademy.ExtentReportDemo" time="7.151" errors="0" timestamp="2021-06-25T18:14:41 BST" skipped="0">
  <testcase classname="rahulshettyacademy.ExtentReportDemo" name="initialDemo" time="7.151"/>
  <system-out/>
</testsuite> <!-- rahulshettyacademy.ExtentReportDemo -->
